[debug] [2020-02-20T19:12:17.179Z] ----------------------------------------------------------------------
[debug] [2020-02-20T19:12:17.180Z] Command:       /Users/annakaz/.nvm/versions/node/v10.17.0/bin/node /Users/annakaz/.nvm/versions/node/v10.16.3/bin/firebase deploy --only functions:transferEarnedBalance
[debug] [2020-02-20T19:12:17.181Z] CLI Version:   7.12.1
[debug] [2020-02-20T19:12:17.181Z] Platform:      darwin
[debug] [2020-02-20T19:12:17.181Z] Node Version:  v10.17.0
[debug] [2020-02-20T19:12:17.181Z] Time:          Thu Feb 20 2020 11:12:17 GMT-0800 (Pacific Standard Time)
[debug] [2020-02-20T19:12:17.181Z] ----------------------------------------------------------------------
[debug] [2020-02-20T19:12:17.181Z] 
[debug] [2020-02-20T19:12:17.196Z] > command requires scopes: ["email","openid","https://www.googleapis.com/auth/cloudplatformprojects.readonly","https://www.googleapis.com/auth/firebase","https://www.googleapis.com/auth/cloud-platform"]
[debug] [2020-02-20T19:12:17.196Z] > authorizing via signed-in user
[debug] [2020-02-20T19:12:17.196Z] [iam] checking project celo-org-mobile for permissions ["cloudfunctions.functions.create","cloudfunctions.functions.delete","cloudfunctions.functions.get","cloudfunctions.functions.list","cloudfunctions.functions.update","cloudfunctions.operations.get","firebase.projects.get"]
[debug] [2020-02-20T19:12:17.198Z] >>> HTTP REQUEST POST https://cloudresourcemanager.googleapis.com/v1/projects/celo-org-mobile:testIamPermissions  

[debug] [2020-02-20T19:12:17.366Z] <<< HTTP RESPONSE 200
[info] 
[info] === Deploying to 'celo-org-mobile'...
[info] 
[info] i  deploying functions
[info] Running command: yarn run lint
[info] Running command: yarn run build
[info] ✔  functions: Finished running predeploy script.
[debug] [2020-02-20T19:12:25.434Z] > [functions] package.json contents: {
  "name": "earn-pilot",
  "version": "1.0.0",
  "description": "Handles payment for earn pilot",
  "author": "Celo",
  "license": "Apache-2.0",
  "main": "dist/index.js",
  "scripts": {
    "serve": "firebase serve --only functions",
    "deploy": "firebase deploy --only functions:transferEarnedBalance,handleFigureEightConfirmation,handlePost",
    "clean": "tsc -b . --clean",
    "build": "tsc -b .",
    "lint": "tslint --project ."
  },
  "dependencies": {
    "@celo/contractkit": "^0.2.14",
    "firebase-admin": "^8.6.0",
    "firebase-functions": "^3.3.0",
    "web3": "^1.2.6"
  },
  "devDependencies": {
    "firebase-functions-test": "^0.1.6",
    "tslint": "^5.20.0",
    "typescript": "^3.7.3"
  },
  "engines": {
    "node": "10"
  }
}
[info] i  functions: ensuring necessary APIs are enabled...
[debug] [2020-02-20T19:12:25.435Z] >>> HTTP REQUEST GET https://serviceusage.googleapis.com/v1/projects/celo-org-mobile/services/cloudfunctions.googleapis.com  
 
[debug] [2020-02-20T19:12:25.435Z] >>> HTTP REQUEST GET https://serviceusage.googleapis.com/v1/projects/celo-org-mobile/services/runtimeconfig.googleapis.com  
 
[debug] [2020-02-20T19:12:25.928Z] <<< HTTP RESPONSE 200
[debug] [2020-02-20T19:12:25.942Z] <<< HTTP RESPONSE 200
[info] ✔  functions: all necessary APIs are enabled
[debug] [2020-02-20T19:12:25.943Z] >>> HTTP REQUEST GET https://firebase.googleapis.com/v1beta1/projects/celo-org-mobile/adminSdkConfig  
 
[debug] [2020-02-20T19:12:26.149Z] <<< HTTP RESPONSE 200
[info] i  functions: preparing . directory for uploading...
[debug] [2020-02-20T19:12:26.153Z] >>> HTTP REQUEST GET https://runtimeconfig.googleapis.com/v1beta1/projects/celo-org-mobile/configs  
 
[debug] [2020-02-20T19:12:26.360Z] <<< HTTP RESPONSE 200
[debug] [2020-02-20T19:12:26.361Z] >>> HTTP REQUEST GET https://runtimeconfig.googleapis.com/v1beta1/projects/celo-org-mobile/configs/target/variables  
 
[debug] [2020-02-20T19:12:26.361Z] >>> HTTP REQUEST GET https://runtimeconfig.googleapis.com/v1beta1/projects/celo-org-mobile/configs/envs/variables  
 
[debug] [2020-02-20T19:12:26.481Z] <<< HTTP RESPONSE 200
[debug] [2020-02-20T19:12:26.481Z] >>> HTTP REQUEST GET https://runtimeconfig.googleapis.com/v1beta1/projects/celo-org-mobile/configs/target/variables/database  
 
[debug] [2020-02-20T19:12:26.489Z] <<< HTTP RESPONSE 200
[debug] [2020-02-20T19:12:26.490Z] >>> HTTP REQUEST GET https://runtimeconfig.googleapis.com/v1beta1/projects/celo-org-mobile/configs/envs/variables/secret_key  
 
[debug] [2020-02-20T19:12:26.490Z] >>> HTTP REQUEST GET https://runtimeconfig.googleapis.com/v1beta1/projects/celo-org-mobile/configs/envs/variables/bank_private_key  
 
[debug] [2020-02-20T19:12:26.490Z] >>> HTTP REQUEST GET https://runtimeconfig.googleapis.com/v1beta1/projects/celo-org-mobile/configs/envs/variables/private_key  
 
[debug] [2020-02-20T19:12:26.491Z] >>> HTTP REQUEST GET https://runtimeconfig.googleapis.com/v1beta1/projects/celo-org-mobile/configs/envs/variables/public_key  
 
[debug] [2020-02-20T19:12:26.620Z] <<< HTTP RESPONSE 200
[debug] [2020-02-20T19:12:26.621Z] <<< HTTP RESPONSE 200
[debug] [2020-02-20T19:12:26.632Z] <<< HTTP RESPONSE 200
[debug] [2020-02-20T19:12:26.633Z] <<< HTTP RESPONSE 200
[debug] [2020-02-20T19:12:26.688Z] <<< HTTP RESPONSE 200
[info] i  functions: packaged . (246.6 KB) for uploading
[debug] [2020-02-20T19:12:28.108Z] >>> HTTP REQUEST POST https://cloudfunctions.googleapis.com/v1/projects/celo-org-mobile/locations/us-central1/functions:generateUploadUrl  
 
[debug] [2020-02-20T19:12:28.761Z] <<< HTTP RESPONSE 200
[debug] [2020-02-20T19:12:28.761Z] >>> HTTP REQUEST PUT https://storage.googleapis.com/gcf-upload-us-central1-052f3b24-38d7-4eb2-8753-289088f3cee7/97237f07-0388-420b-b0eb-5ed41f8b1d7c.zip?GoogleAccessId=service-44525893941@gcf-admin-robot.iam.gserviceaccount.com&Expires=1582227748&Signature=lQXhJDSfn9PQ%2F3n2XUQhQbZ7Y75xRuRlHA3P9cE33lUiLsbMmlvYWMAjtE2WaubcRvfCAzfc4N23w9%2FJpz1Z9R0PS9JLrBi3VOAjlzEyawoZavFa7%2BKIJ%2Fq5uUNx5QP9VHbPx8U7dnnLbvprNZZJB3cR9ixUxltB2oISEpiWbj%2BoNVsl3CXTQlAZV52rLGP1H%2BnuJvGPSYwMqIEyarm7QyW2getmL8EFAg%2BKDQAGC0GkdY0nM2bYccaS%2B8dQkJSk%2FFUp2BIEdOMEwEe6bBcHYr4mcb0TSp52NRmAEIRGjJIkOntU2lYX6GipEEsLZ0q5wVO0i2bEBHfqdWJzT6%2Ficw%3D%3D  
 <request body omitted>
[debug] [2020-02-20T19:12:29.173Z] <<< HTTP RESPONSE 200
[info] ✔  functions: . folder uploaded successfully
[debug] [2020-02-20T19:12:29.177Z] >>> HTTP REQUEST GET https://cloudfunctions.googleapis.com/v1/projects/celo-org-mobile/locations/-/functions  
 
[debug] [2020-02-20T19:12:29.507Z] <<< HTTP RESPONSE 200
[debug] [2020-02-20T19:12:29.508Z] > [functions] filtering triggers to: [
  "projects/celo-org-mobile/locations/us-central1/functions/transferEarnedBalance"
]
[info] i  functions: current functions in project: handleFigureEightConfirmation(us-central1), handlePost(us-central1), signMoonpay(us-central1), transferEarnedBalance(us-central1)
[info] i  functions: uploading functions in project: transferEarnedBalance(us-central1)
[info] i  functions: updating Node.js 10 (Beta) function transferEarnedBalance(us-central1)...
[debug] [2020-02-20T19:12:29.515Z] Trigger is:  {"eventTrigger":{"resource":"projects/_/instances/celo-org-mobile-earn-pilot/refs/requests/{uid}","eventType":"providers/google.firebase.database/eventTypes/ref.write","service":"firebaseio.com"}}
[debug] [2020-02-20T19:12:29.516Z] >>> HTTP REQUEST GET https://serviceusage.googleapis.com/v1/projects/celo-org-mobile/services/cloudscheduler.googleapis.com  
 
[debug] [2020-02-20T19:12:29.918Z] <<< HTTP RESPONSE 200
[debug] [2020-02-20T19:12:29.920Z] >>> HTTP REQUEST PATCH https://cloudfunctions.googleapis.com/v1/projects/celo-org-mobile/locations/us-central1/functions/transferEarnedBalance {"updateMask":"sourceUploadUrl,name,labels,runtime,eventTrigger.resource,eventTrigger.eventType,eventTrigger.service"} 

[debug] [2020-02-20T19:12:30.390Z] <<< HTTP RESPONSE 200
[debug] [2020-02-20T19:12:30.392Z] >>> HTTP REQUEST GET https://cloudfunctions.googleapis.com/v1/operations/Y2Vsby1vcmctbW9iaWxlL3VzLWNlbnRyYWwxL3RyYW5zZmVyRWFybmVkQmFsYW5jZS9KejZ3emlJYUJGNA  
 
[debug] [2020-02-20T19:12:30.568Z] <<< HTTP RESPONSE 200
[debug] [2020-02-20T19:12:32.573Z] >>> HTTP REQUEST GET https://cloudfunctions.googleapis.com/v1/operations/Y2Vsby1vcmctbW9iaWxlL3VzLWNlbnRyYWwxL3RyYW5zZmVyRWFybmVkQmFsYW5jZS9KejZ3emlJYUJGNA  
 
[debug] [2020-02-20T19:12:32.714Z] <<< HTTP RESPONSE 200
[debug] [2020-02-20T19:12:34.719Z] >>> HTTP REQUEST GET https://cloudfunctions.googleapis.com/v1/operations/Y2Vsby1vcmctbW9iaWxlL3VzLWNlbnRyYWwxL3RyYW5zZmVyRWFybmVkQmFsYW5jZS9KejZ3emlJYUJGNA  
 
[debug] [2020-02-20T19:12:35.090Z] <<< HTTP RESPONSE 200
[debug] [2020-02-20T19:12:37.091Z] >>> HTTP REQUEST GET https://cloudfunctions.googleapis.com/v1/operations/Y2Vsby1vcmctbW9iaWxlL3VzLWNlbnRyYWwxL3RyYW5zZmVyRWFybmVkQmFsYW5jZS9KejZ3emlJYUJGNA  
 
[debug] [2020-02-20T19:12:37.227Z] <<< HTTP RESPONSE 200
[debug] [2020-02-20T19:12:39.228Z] >>> HTTP REQUEST GET https://cloudfunctions.googleapis.com/v1/operations/Y2Vsby1vcmctbW9iaWxlL3VzLWNlbnRyYWwxL3RyYW5zZmVyRWFybmVkQmFsYW5jZS9KejZ3emlJYUJGNA  
 
[debug] [2020-02-20T19:12:39.376Z] <<< HTTP RESPONSE 200
[debug] [2020-02-20T19:12:41.378Z] >>> HTTP REQUEST GET https://cloudfunctions.googleapis.com/v1/operations/Y2Vsby1vcmctbW9iaWxlL3VzLWNlbnRyYWwxL3RyYW5zZmVyRWFybmVkQmFsYW5jZS9KejZ3emlJYUJGNA  
 
[debug] [2020-02-20T19:12:41.796Z] <<< HTTP RESPONSE 200
[debug] [2020-02-20T19:12:43.797Z] >>> HTTP REQUEST GET https://cloudfunctions.googleapis.com/v1/operations/Y2Vsby1vcmctbW9iaWxlL3VzLWNlbnRyYWwxL3RyYW5zZmVyRWFybmVkQmFsYW5jZS9KejZ3emlJYUJGNA  
 
[debug] [2020-02-20T19:12:44.149Z] <<< HTTP RESPONSE 200
[debug] [2020-02-20T19:12:46.154Z] >>> HTTP REQUEST GET https://cloudfunctions.googleapis.com/v1/operations/Y2Vsby1vcmctbW9iaWxlL3VzLWNlbnRyYWwxL3RyYW5zZmVyRWFybmVkQmFsYW5jZS9KejZ3emlJYUJGNA  
 
[debug] [2020-02-20T19:12:46.326Z] <<< HTTP RESPONSE 200
[debug] [2020-02-20T19:12:48.331Z] >>> HTTP REQUEST GET https://cloudfunctions.googleapis.com/v1/operations/Y2Vsby1vcmctbW9iaWxlL3VzLWNlbnRyYWwxL3RyYW5zZmVyRWFybmVkQmFsYW5jZS9KejZ3emlJYUJGNA  
 
[debug] [2020-02-20T19:12:48.462Z] <<< HTTP RESPONSE 200
[debug] [2020-02-20T19:12:50.464Z] >>> HTTP REQUEST GET https://cloudfunctions.googleapis.com/v1/operations/Y2Vsby1vcmctbW9iaWxlL3VzLWNlbnRyYWwxL3RyYW5zZmVyRWFybmVkQmFsYW5jZS9KejZ3emlJYUJGNA  
 
[debug] [2020-02-20T19:12:50.609Z] <<< HTTP RESPONSE 200
[debug] [2020-02-20T19:12:52.610Z] >>> HTTP REQUEST GET https://cloudfunctions.googleapis.com/v1/operations/Y2Vsby1vcmctbW9iaWxlL3VzLWNlbnRyYWwxL3RyYW5zZmVyRWFybmVkQmFsYW5jZS9KejZ3emlJYUJGNA  
 
[debug] [2020-02-20T19:12:52.856Z] <<< HTTP RESPONSE 200
[debug] [2020-02-20T19:12:54.861Z] >>> HTTP REQUEST GET https://cloudfunctions.googleapis.com/v1/operations/Y2Vsby1vcmctbW9iaWxlL3VzLWNlbnRyYWwxL3RyYW5zZmVyRWFybmVkQmFsYW5jZS9KejZ3emlJYUJGNA  
 
[debug] [2020-02-20T19:12:55.000Z] <<< HTTP RESPONSE 200
[debug] [2020-02-20T19:12:57.003Z] >>> HTTP REQUEST GET https://cloudfunctions.googleapis.com/v1/operations/Y2Vsby1vcmctbW9iaWxlL3VzLWNlbnRyYWwxL3RyYW5zZmVyRWFybmVkQmFsYW5jZS9KejZ3emlJYUJGNA  
 
[debug] [2020-02-20T19:12:57.258Z] <<< HTTP RESPONSE 200
[debug] [2020-02-20T19:12:59.262Z] >>> HTTP REQUEST GET https://cloudfunctions.googleapis.com/v1/operations/Y2Vsby1vcmctbW9iaWxlL3VzLWNlbnRyYWwxL3RyYW5zZmVyRWFybmVkQmFsYW5jZS9KejZ3emlJYUJGNA  
 
[debug] [2020-02-20T19:12:59.511Z] <<< HTTP RESPONSE 200
[debug] [2020-02-20T19:13:01.514Z] >>> HTTP REQUEST GET https://cloudfunctions.googleapis.com/v1/operations/Y2Vsby1vcmctbW9iaWxlL3VzLWNlbnRyYWwxL3RyYW5zZmVyRWFybmVkQmFsYW5jZS9KejZ3emlJYUJGNA  
 
[debug] [2020-02-20T19:13:01.669Z] <<< HTTP RESPONSE 200
[debug] [2020-02-20T19:13:03.674Z] >>> HTTP REQUEST GET https://cloudfunctions.googleapis.com/v1/operations/Y2Vsby1vcmctbW9iaWxlL3VzLWNlbnRyYWwxL3RyYW5zZmVyRWFybmVkQmFsYW5jZS9KejZ3emlJYUJGNA  
 
[debug] [2020-02-20T19:13:03.819Z] <<< HTTP RESPONSE 200
[debug] [2020-02-20T19:13:05.822Z] >>> HTTP REQUEST GET https://cloudfunctions.googleapis.com/v1/operations/Y2Vsby1vcmctbW9iaWxlL3VzLWNlbnRyYWwxL3RyYW5zZmVyRWFybmVkQmFsYW5jZS9KejZ3emlJYUJGNA  
 
[debug] [2020-02-20T19:13:05.956Z] <<< HTTP RESPONSE 200
[debug] [2020-02-20T19:13:07.958Z] >>> HTTP REQUEST GET https://cloudfunctions.googleapis.com/v1/operations/Y2Vsby1vcmctbW9iaWxlL3VzLWNlbnRyYWwxL3RyYW5zZmVyRWFybmVkQmFsYW5jZS9KejZ3emlJYUJGNA  
 
[debug] [2020-02-20T19:13:08.094Z] <<< HTTP RESPONSE 200
[debug] [2020-02-20T19:13:10.094Z] >>> HTTP REQUEST GET https://cloudfunctions.googleapis.com/v1/operations/Y2Vsby1vcmctbW9iaWxlL3VzLWNlbnRyYWwxL3RyYW5zZmVyRWFybmVkQmFsYW5jZS9KejZ3emlJYUJGNA  
 
[debug] [2020-02-20T19:13:10.216Z] <<< HTTP RESPONSE 200
[debug] [2020-02-20T19:13:12.219Z] >>> HTTP REQUEST GET https://cloudfunctions.googleapis.com/v1/operations/Y2Vsby1vcmctbW9iaWxlL3VzLWNlbnRyYWwxL3RyYW5zZmVyRWFybmVkQmFsYW5jZS9KejZ3emlJYUJGNA  
 
[debug] [2020-02-20T19:13:12.322Z] <<< HTTP RESPONSE 200
[debug] [2020-02-20T19:13:14.327Z] >>> HTTP REQUEST GET https://cloudfunctions.googleapis.com/v1/operations/Y2Vsby1vcmctbW9iaWxlL3VzLWNlbnRyYWwxL3RyYW5zZmVyRWFybmVkQmFsYW5jZS9KejZ3emlJYUJGNA  
 
[debug] [2020-02-20T19:13:14.471Z] <<< HTTP RESPONSE 200
[debug] [2020-02-20T19:13:16.473Z] >>> HTTP REQUEST GET https://cloudfunctions.googleapis.com/v1/operations/Y2Vsby1vcmctbW9iaWxlL3VzLWNlbnRyYWwxL3RyYW5zZmVyRWFybmVkQmFsYW5jZS9KejZ3emlJYUJGNA  
 
[debug] [2020-02-20T19:13:16.603Z] <<< HTTP RESPONSE 200
[debug] [2020-02-20T19:13:18.608Z] >>> HTTP REQUEST GET https://cloudfunctions.googleapis.com/v1/operations/Y2Vsby1vcmctbW9iaWxlL3VzLWNlbnRyYWwxL3RyYW5zZmVyRWFybmVkQmFsYW5jZS9KejZ3emlJYUJGNA  
 
[debug] [2020-02-20T19:13:18.731Z] <<< HTTP RESPONSE 200
[debug] [2020-02-20T19:13:20.735Z] >>> HTTP REQUEST GET https://cloudfunctions.googleapis.com/v1/operations/Y2Vsby1vcmctbW9iaWxlL3VzLWNlbnRyYWwxL3RyYW5zZmVyRWFybmVkQmFsYW5jZS9KejZ3emlJYUJGNA  
 
[debug] [2020-02-20T19:13:20.868Z] <<< HTTP RESPONSE 200
[debug] [2020-02-20T19:13:22.872Z] >>> HTTP REQUEST GET https://cloudfunctions.googleapis.com/v1/operations/Y2Vsby1vcmctbW9iaWxlL3VzLWNlbnRyYWwxL3RyYW5zZmVyRWFybmVkQmFsYW5jZS9KejZ3emlJYUJGNA  
 
[debug] [2020-02-20T19:13:23.060Z] <<< HTTP RESPONSE 200
[debug] [2020-02-20T19:13:25.064Z] >>> HTTP REQUEST GET https://cloudfunctions.googleapis.com/v1/operations/Y2Vsby1vcmctbW9iaWxlL3VzLWNlbnRyYWwxL3RyYW5zZmVyRWFybmVkQmFsYW5jZS9KejZ3emlJYUJGNA  
 
[debug] [2020-02-20T19:13:25.180Z] <<< HTTP RESPONSE 200
[debug] [2020-02-20T19:13:27.185Z] >>> HTTP REQUEST GET https://cloudfunctions.googleapis.com/v1/operations/Y2Vsby1vcmctbW9iaWxlL3VzLWNlbnRyYWwxL3RyYW5zZmVyRWFybmVkQmFsYW5jZS9KejZ3emlJYUJGNA  
 
[debug] [2020-02-20T19:13:27.331Z] <<< HTTP RESPONSE 200
[debug] [2020-02-20T19:13:29.332Z] >>> HTTP REQUEST GET https://cloudfunctions.googleapis.com/v1/operations/Y2Vsby1vcmctbW9iaWxlL3VzLWNlbnRyYWwxL3RyYW5zZmVyRWFybmVkQmFsYW5jZS9KejZ3emlJYUJGNA  
 
[debug] [2020-02-20T19:13:29.495Z] <<< HTTP RESPONSE 200
[debug] [2020-02-20T19:13:31.497Z] >>> HTTP REQUEST GET https://cloudfunctions.googleapis.com/v1/operations/Y2Vsby1vcmctbW9iaWxlL3VzLWNlbnRyYWwxL3RyYW5zZmVyRWFybmVkQmFsYW5jZS9KejZ3emlJYUJGNA  
 
[debug] [2020-02-20T19:13:31.605Z] <<< HTTP RESPONSE 200
[debug] [2020-02-20T19:13:33.607Z] >>> HTTP REQUEST GET https://cloudfunctions.googleapis.com/v1/operations/Y2Vsby1vcmctbW9iaWxlL3VzLWNlbnRyYWwxL3RyYW5zZmVyRWFybmVkQmFsYW5jZS9KejZ3emlJYUJGNA  
 
[debug] [2020-02-20T19:13:33.727Z] <<< HTTP RESPONSE 200
[debug] [2020-02-20T19:13:35.729Z] >>> HTTP REQUEST GET https://cloudfunctions.googleapis.com/v1/operations/Y2Vsby1vcmctbW9iaWxlL3VzLWNlbnRyYWwxL3RyYW5zZmVyRWFybmVkQmFsYW5jZS9KejZ3emlJYUJGNA  
 
[debug] [2020-02-20T19:13:35.863Z] <<< HTTP RESPONSE 200
[debug] [2020-02-20T19:13:37.868Z] >>> HTTP REQUEST GET https://cloudfunctions.googleapis.com/v1/operations/Y2Vsby1vcmctbW9iaWxlL3VzLWNlbnRyYWwxL3RyYW5zZmVyRWFybmVkQmFsYW5jZS9KejZ3emlJYUJGNA  
 
[debug] [2020-02-20T19:13:37.987Z] <<< HTTP RESPONSE 200
[debug] [2020-02-20T19:13:39.991Z] >>> HTTP REQUEST GET https://cloudfunctions.googleapis.com/v1/operations/Y2Vsby1vcmctbW9iaWxlL3VzLWNlbnRyYWwxL3RyYW5zZmVyRWFybmVkQmFsYW5jZS9KejZ3emlJYUJGNA  
 
[debug] [2020-02-20T19:13:40.302Z] <<< HTTP RESPONSE 200
[debug] [2020-02-20T19:13:42.304Z] >>> HTTP REQUEST GET https://cloudfunctions.googleapis.com/v1/operations/Y2Vsby1vcmctbW9iaWxlL3VzLWNlbnRyYWwxL3RyYW5zZmVyRWFybmVkQmFsYW5jZS9KejZ3emlJYUJGNA  
 
[debug] [2020-02-20T19:13:42.424Z] <<< HTTP RESPONSE 200
[debug] [2020-02-20T19:13:44.425Z] >>> HTTP REQUEST GET https://cloudfunctions.googleapis.com/v1/operations/Y2Vsby1vcmctbW9iaWxlL3VzLWNlbnRyYWwxL3RyYW5zZmVyRWFybmVkQmFsYW5jZS9KejZ3emlJYUJGNA  
 
[debug] [2020-02-20T19:13:44.537Z] <<< HTTP RESPONSE 200
[debug] [2020-02-20T19:13:46.538Z] >>> HTTP REQUEST GET https://cloudfunctions.googleapis.com/v1/operations/Y2Vsby1vcmctbW9iaWxlL3VzLWNlbnRyYWwxL3RyYW5zZmVyRWFybmVkQmFsYW5jZS9KejZ3emlJYUJGNA  
 
[debug] [2020-02-20T19:13:46.665Z] <<< HTTP RESPONSE 200
[debug] [2020-02-20T19:13:48.669Z] >>> HTTP REQUEST GET https://cloudfunctions.googleapis.com/v1/operations/Y2Vsby1vcmctbW9iaWxlL3VzLWNlbnRyYWwxL3RyYW5zZmVyRWFybmVkQmFsYW5jZS9KejZ3emlJYUJGNA  
 
[debug] [2020-02-20T19:13:48.791Z] <<< HTTP RESPONSE 200
[debug] [2020-02-20T19:13:50.796Z] >>> HTTP REQUEST GET https://cloudfunctions.googleapis.com/v1/operations/Y2Vsby1vcmctbW9iaWxlL3VzLWNlbnRyYWwxL3RyYW5zZmVyRWFybmVkQmFsYW5jZS9KejZ3emlJYUJGNA  
 
[debug] [2020-02-20T19:13:50.935Z] <<< HTTP RESPONSE 200
[debug] [2020-02-20T19:13:52.935Z] >>> HTTP REQUEST GET https://cloudfunctions.googleapis.com/v1/operations/Y2Vsby1vcmctbW9iaWxlL3VzLWNlbnRyYWwxL3RyYW5zZmVyRWFybmVkQmFsYW5jZS9KejZ3emlJYUJGNA  
 
[debug] [2020-02-20T19:13:53.066Z] <<< HTTP RESPONSE 200
[debug] [2020-02-20T19:13:55.072Z] >>> HTTP REQUEST GET https://cloudfunctions.googleapis.com/v1/operations/Y2Vsby1vcmctbW9iaWxlL3VzLWNlbnRyYWwxL3RyYW5zZmVyRWFybmVkQmFsYW5jZS9KejZ3emlJYUJGNA  
 
[debug] [2020-02-20T19:13:55.185Z] <<< HTTP RESPONSE 200
[debug] [2020-02-20T19:13:57.191Z] >>> HTTP REQUEST GET https://cloudfunctions.googleapis.com/v1/operations/Y2Vsby1vcmctbW9iaWxlL3VzLWNlbnRyYWwxL3RyYW5zZmVyRWFybmVkQmFsYW5jZS9KejZ3emlJYUJGNA  
 
[debug] [2020-02-20T19:13:57.314Z] <<< HTTP RESPONSE 200
[debug] [2020-02-20T19:13:59.316Z] >>> HTTP REQUEST GET https://cloudfunctions.googleapis.com/v1/operations/Y2Vsby1vcmctbW9iaWxlL3VzLWNlbnRyYWwxL3RyYW5zZmVyRWFybmVkQmFsYW5jZS9KejZ3emlJYUJGNA  
 
[debug] [2020-02-20T19:13:59.435Z] <<< HTTP RESPONSE 200
[debug] [2020-02-20T19:14:01.440Z] >>> HTTP REQUEST GET https://cloudfunctions.googleapis.com/v1/operations/Y2Vsby1vcmctbW9iaWxlL3VzLWNlbnRyYWwxL3RyYW5zZmVyRWFybmVkQmFsYW5jZS9KejZ3emlJYUJGNA  
 
[debug] [2020-02-20T19:14:01.571Z] <<< HTTP RESPONSE 200
[debug] [2020-02-20T19:14:03.576Z] >>> HTTP REQUEST GET https://cloudfunctions.googleapis.com/v1/operations/Y2Vsby1vcmctbW9iaWxlL3VzLWNlbnRyYWwxL3RyYW5zZmVyRWFybmVkQmFsYW5jZS9KejZ3emlJYUJGNA  
 
[debug] [2020-02-20T19:14:03.702Z] <<< HTTP RESPONSE 200
[debug] [2020-02-20T19:14:05.704Z] >>> HTTP REQUEST GET https://cloudfunctions.googleapis.com/v1/operations/Y2Vsby1vcmctbW9iaWxlL3VzLWNlbnRyYWwxL3RyYW5zZmVyRWFybmVkQmFsYW5jZS9KejZ3emlJYUJGNA  
 
[debug] [2020-02-20T19:14:05.819Z] <<< HTTP RESPONSE 200
[debug] [2020-02-20T19:14:07.820Z] >>> HTTP REQUEST GET https://cloudfunctions.googleapis.com/v1/operations/Y2Vsby1vcmctbW9iaWxlL3VzLWNlbnRyYWwxL3RyYW5zZmVyRWFybmVkQmFsYW5jZS9KejZ3emlJYUJGNA  
 
[debug] [2020-02-20T19:14:07.942Z] <<< HTTP RESPONSE 200
[debug] [2020-02-20T19:14:09.944Z] >>> HTTP REQUEST GET https://cloudfunctions.googleapis.com/v1/operations/Y2Vsby1vcmctbW9iaWxlL3VzLWNlbnRyYWwxL3RyYW5zZmVyRWFybmVkQmFsYW5jZS9KejZ3emlJYUJGNA  
 
[debug] [2020-02-20T19:14:10.079Z] <<< HTTP RESPONSE 200
[debug] [2020-02-20T19:14:12.081Z] >>> HTTP REQUEST GET https://cloudfunctions.googleapis.com/v1/operations/Y2Vsby1vcmctbW9iaWxlL3VzLWNlbnRyYWwxL3RyYW5zZmVyRWFybmVkQmFsYW5jZS9KejZ3emlJYUJGNA  
 
[debug] [2020-02-20T19:14:12.194Z] <<< HTTP RESPONSE 200
[debug] [2020-02-20T19:14:14.199Z] >>> HTTP REQUEST GET https://cloudfunctions.googleapis.com/v1/operations/Y2Vsby1vcmctbW9iaWxlL3VzLWNlbnRyYWwxL3RyYW5zZmVyRWFybmVkQmFsYW5jZS9KejZ3emlJYUJGNA  
 
[debug] [2020-02-20T19:14:14.321Z] <<< HTTP RESPONSE 200
[debug] [2020-02-20T19:14:16.326Z] >>> HTTP REQUEST GET https://cloudfunctions.googleapis.com/v1/operations/Y2Vsby1vcmctbW9iaWxlL3VzLWNlbnRyYWwxL3RyYW5zZmVyRWFybmVkQmFsYW5jZS9KejZ3emlJYUJGNA  
 
[debug] [2020-02-20T19:14:16.437Z] <<< HTTP RESPONSE 200
[debug] [2020-02-20T19:14:18.443Z] >>> HTTP REQUEST GET https://cloudfunctions.googleapis.com/v1/operations/Y2Vsby1vcmctbW9iaWxlL3VzLWNlbnRyYWwxL3RyYW5zZmVyRWFybmVkQmFsYW5jZS9KejZ3emlJYUJGNA  
 
[debug] [2020-02-20T19:14:18.564Z] <<< HTTP RESPONSE 200
[debug] [2020-02-20T19:14:20.567Z] >>> HTTP REQUEST GET https://cloudfunctions.googleapis.com/v1/operations/Y2Vsby1vcmctbW9iaWxlL3VzLWNlbnRyYWwxL3RyYW5zZmVyRWFybmVkQmFsYW5jZS9KejZ3emlJYUJGNA  
 
[debug] [2020-02-20T19:14:20.697Z] <<< HTTP RESPONSE 200
[debug] [2020-02-20T19:14:22.700Z] >>> HTTP REQUEST GET https://cloudfunctions.googleapis.com/v1/operations/Y2Vsby1vcmctbW9iaWxlL3VzLWNlbnRyYWwxL3RyYW5zZmVyRWFybmVkQmFsYW5jZS9KejZ3emlJYUJGNA  
 
[debug] [2020-02-20T19:14:22.815Z] <<< HTTP RESPONSE 200
[debug] [2020-02-20T19:14:24.819Z] >>> HTTP REQUEST GET https://cloudfunctions.googleapis.com/v1/operations/Y2Vsby1vcmctbW9iaWxlL3VzLWNlbnRyYWwxL3RyYW5zZmVyRWFybmVkQmFsYW5jZS9KejZ3emlJYUJGNA  
 
[debug] [2020-02-20T19:14:24.945Z] <<< HTTP RESPONSE 200
[debug] [2020-02-20T19:14:26.948Z] >>> HTTP REQUEST GET https://cloudfunctions.googleapis.com/v1/operations/Y2Vsby1vcmctbW9iaWxlL3VzLWNlbnRyYWwxL3RyYW5zZmVyRWFybmVkQmFsYW5jZS9KejZ3emlJYUJGNA  
 
[debug] [2020-02-20T19:14:27.277Z] <<< HTTP RESPONSE 200
[debug] [2020-02-20T19:14:29.278Z] >>> HTTP REQUEST GET https://cloudfunctions.googleapis.com/v1/operations/Y2Vsby1vcmctbW9iaWxlL3VzLWNlbnRyYWwxL3RyYW5zZmVyRWFybmVkQmFsYW5jZS9KejZ3emlJYUJGNA  
 
[debug] [2020-02-20T19:14:29.518Z] <<< HTTP RESPONSE 200
[debug] [2020-02-20T19:14:31.522Z] >>> HTTP REQUEST GET https://cloudfunctions.googleapis.com/v1/operations/Y2Vsby1vcmctbW9iaWxlL3VzLWNlbnRyYWwxL3RyYW5zZmVyRWFybmVkQmFsYW5jZS9KejZ3emlJYUJGNA  
 
[debug] [2020-02-20T19:14:31.644Z] <<< HTTP RESPONSE 200
[debug] [2020-02-20T19:14:33.649Z] >>> HTTP REQUEST GET https://cloudfunctions.googleapis.com/v1/operations/Y2Vsby1vcmctbW9iaWxlL3VzLWNlbnRyYWwxL3RyYW5zZmVyRWFybmVkQmFsYW5jZS9KejZ3emlJYUJGNA  
 
[debug] [2020-02-20T19:14:33.776Z] <<< HTTP RESPONSE 200
[debug] [2020-02-20T19:14:35.778Z] >>> HTTP REQUEST GET https://cloudfunctions.googleapis.com/v1/operations/Y2Vsby1vcmctbW9iaWxlL3VzLWNlbnRyYWwxL3RyYW5zZmVyRWFybmVkQmFsYW5jZS9KejZ3emlJYUJGNA  
 
[debug] [2020-02-20T19:14:35.900Z] <<< HTTP RESPONSE 200
[debug] [2020-02-20T19:14:37.902Z] >>> HTTP REQUEST GET https://cloudfunctions.googleapis.com/v1/operations/Y2Vsby1vcmctbW9iaWxlL3VzLWNlbnRyYWwxL3RyYW5zZmVyRWFybmVkQmFsYW5jZS9KejZ3emlJYUJGNA  
 
[debug] [2020-02-20T19:14:38.044Z] <<< HTTP RESPONSE 200
[debug] [2020-02-20T19:14:40.047Z] >>> HTTP REQUEST GET https://cloudfunctions.googleapis.com/v1/operations/Y2Vsby1vcmctbW9iaWxlL3VzLWNlbnRyYWwxL3RyYW5zZmVyRWFybmVkQmFsYW5jZS9KejZ3emlJYUJGNA  
 
[debug] [2020-02-20T19:14:40.197Z] <<< HTTP RESPONSE 200
[debug] [2020-02-20T19:14:42.198Z] >>> HTTP REQUEST GET https://cloudfunctions.googleapis.com/v1/operations/Y2Vsby1vcmctbW9iaWxlL3VzLWNlbnRyYWwxL3RyYW5zZmVyRWFybmVkQmFsYW5jZS9KejZ3emlJYUJGNA  
 
[debug] [2020-02-20T19:14:42.325Z] <<< HTTP RESPONSE 200
[debug] [2020-02-20T19:14:44.327Z] >>> HTTP REQUEST GET https://cloudfunctions.googleapis.com/v1/operations/Y2Vsby1vcmctbW9iaWxlL3VzLWNlbnRyYWwxL3RyYW5zZmVyRWFybmVkQmFsYW5jZS9KejZ3emlJYUJGNA  
 
[debug] [2020-02-20T19:14:44.439Z] <<< HTTP RESPONSE 200
[debug] [2020-02-20T19:14:46.443Z] >>> HTTP REQUEST GET https://cloudfunctions.googleapis.com/v1/operations/Y2Vsby1vcmctbW9iaWxlL3VzLWNlbnRyYWwxL3RyYW5zZmVyRWFybmVkQmFsYW5jZS9KejZ3emlJYUJGNA  
 
[debug] [2020-02-20T19:14:46.562Z] <<< HTTP RESPONSE 200
[debug] [2020-02-20T19:14:48.564Z] >>> HTTP REQUEST GET https://cloudfunctions.googleapis.com/v1/operations/Y2Vsby1vcmctbW9iaWxlL3VzLWNlbnRyYWwxL3RyYW5zZmVyRWFybmVkQmFsYW5jZS9KejZ3emlJYUJGNA  
 
[debug] [2020-02-20T19:14:48.702Z] <<< HTTP RESPONSE 200
[debug] [2020-02-20T19:14:50.707Z] >>> HTTP REQUEST GET https://cloudfunctions.googleapis.com/v1/operations/Y2Vsby1vcmctbW9iaWxlL3VzLWNlbnRyYWwxL3RyYW5zZmVyRWFybmVkQmFsYW5jZS9KejZ3emlJYUJGNA  
 
[debug] [2020-02-20T19:14:50.821Z] <<< HTTP RESPONSE 200
[debug] [2020-02-20T19:14:52.823Z] >>> HTTP REQUEST GET https://cloudfunctions.googleapis.com/v1/operations/Y2Vsby1vcmctbW9iaWxlL3VzLWNlbnRyYWwxL3RyYW5zZmVyRWFybmVkQmFsYW5jZS9KejZ3emlJYUJGNA  
 
[debug] [2020-02-20T19:14:52.937Z] <<< HTTP RESPONSE 200
[debug] [2020-02-20T19:14:54.939Z] >>> HTTP REQUEST GET https://cloudfunctions.googleapis.com/v1/operations/Y2Vsby1vcmctbW9iaWxlL3VzLWNlbnRyYWwxL3RyYW5zZmVyRWFybmVkQmFsYW5jZS9KejZ3emlJYUJGNA  
 
[debug] [2020-02-20T19:14:55.057Z] <<< HTTP RESPONSE 200
[debug] [2020-02-20T19:14:57.061Z] >>> HTTP REQUEST GET https://cloudfunctions.googleapis.com/v1/operations/Y2Vsby1vcmctbW9iaWxlL3VzLWNlbnRyYWwxL3RyYW5zZmVyRWFybmVkQmFsYW5jZS9KejZ3emlJYUJGNA  
 
[debug] [2020-02-20T19:14:57.173Z] <<< HTTP RESPONSE 200
[debug] [2020-02-20T19:14:59.174Z] >>> HTTP REQUEST GET https://cloudfunctions.googleapis.com/v1/operations/Y2Vsby1vcmctbW9iaWxlL3VzLWNlbnRyYWwxL3RyYW5zZmVyRWFybmVkQmFsYW5jZS9KejZ3emlJYUJGNA  
 
[debug] [2020-02-20T19:14:59.307Z] <<< HTTP RESPONSE 200
[debug] [2020-02-20T19:15:01.308Z] >>> HTTP REQUEST GET https://cloudfunctions.googleapis.com/v1/operations/Y2Vsby1vcmctbW9iaWxlL3VzLWNlbnRyYWwxL3RyYW5zZmVyRWFybmVkQmFsYW5jZS9KejZ3emlJYUJGNA  
 
[debug] [2020-02-20T19:15:01.444Z] <<< HTTP RESPONSE 200
[debug] [2020-02-20T19:15:03.448Z] >>> HTTP REQUEST GET https://cloudfunctions.googleapis.com/v1/operations/Y2Vsby1vcmctbW9iaWxlL3VzLWNlbnRyYWwxL3RyYW5zZmVyRWFybmVkQmFsYW5jZS9KejZ3emlJYUJGNA  
 
[debug] [2020-02-20T19:15:03.569Z] <<< HTTP RESPONSE 200
[debug] [2020-02-20T19:15:05.574Z] >>> HTTP REQUEST GET https://cloudfunctions.googleapis.com/v1/operations/Y2Vsby1vcmctbW9iaWxlL3VzLWNlbnRyYWwxL3RyYW5zZmVyRWFybmVkQmFsYW5jZS9KejZ3emlJYUJGNA  
 
[debug] [2020-02-20T19:15:05.687Z] <<< HTTP RESPONSE 200
[debug] [2020-02-20T19:15:07.688Z] >>> HTTP REQUEST GET https://cloudfunctions.googleapis.com/v1/operations/Y2Vsby1vcmctbW9iaWxlL3VzLWNlbnRyYWwxL3RyYW5zZmVyRWFybmVkQmFsYW5jZS9KejZ3emlJYUJGNA  
 
[debug] [2020-02-20T19:15:08.024Z] <<< HTTP RESPONSE 200
[debug] [2020-02-20T19:15:10.027Z] >>> HTTP REQUEST GET https://cloudfunctions.googleapis.com/v1/operations/Y2Vsby1vcmctbW9iaWxlL3VzLWNlbnRyYWwxL3RyYW5zZmVyRWFybmVkQmFsYW5jZS9KejZ3emlJYUJGNA  
 
[debug] [2020-02-20T19:15:10.155Z] <<< HTTP RESPONSE 200
[debug] [2020-02-20T19:15:12.158Z] >>> HTTP REQUEST GET https://cloudfunctions.googleapis.com/v1/operations/Y2Vsby1vcmctbW9iaWxlL3VzLWNlbnRyYWwxL3RyYW5zZmVyRWFybmVkQmFsYW5jZS9KejZ3emlJYUJGNA  
 
[debug] [2020-02-20T19:15:12.265Z] <<< HTTP RESPONSE 200
[debug] [2020-02-20T19:15:14.270Z] >>> HTTP REQUEST GET https://cloudfunctions.googleapis.com/v1/operations/Y2Vsby1vcmctbW9iaWxlL3VzLWNlbnRyYWwxL3RyYW5zZmVyRWFybmVkQmFsYW5jZS9KejZ3emlJYUJGNA  
 
[debug] [2020-02-20T19:15:14.387Z] <<< HTTP RESPONSE 200
[debug] [2020-02-20T19:15:16.392Z] >>> HTTP REQUEST GET https://cloudfunctions.googleapis.com/v1/operations/Y2Vsby1vcmctbW9iaWxlL3VzLWNlbnRyYWwxL3RyYW5zZmVyRWFybmVkQmFsYW5jZS9KejZ3emlJYUJGNA  
 
[debug] [2020-02-20T19:15:16.506Z] <<< HTTP RESPONSE 200
[debug] [2020-02-20T19:15:18.509Z] >>> HTTP REQUEST GET https://cloudfunctions.googleapis.com/v1/operations/Y2Vsby1vcmctbW9iaWxlL3VzLWNlbnRyYWwxL3RyYW5zZmVyRWFybmVkQmFsYW5jZS9KejZ3emlJYUJGNA  
 
[debug] [2020-02-20T19:15:18.635Z] <<< HTTP RESPONSE 200
[debug] [2020-02-20T19:15:20.640Z] >>> HTTP REQUEST GET https://cloudfunctions.googleapis.com/v1/operations/Y2Vsby1vcmctbW9iaWxlL3VzLWNlbnRyYWwxL3RyYW5zZmVyRWFybmVkQmFsYW5jZS9KejZ3emlJYUJGNA  
 
[debug] [2020-02-20T19:15:20.757Z] <<< HTTP RESPONSE 200
[debug] [2020-02-20T19:15:22.763Z] >>> HTTP REQUEST GET https://cloudfunctions.googleapis.com/v1/operations/Y2Vsby1vcmctbW9iaWxlL3VzLWNlbnRyYWwxL3RyYW5zZmVyRWFybmVkQmFsYW5jZS9KejZ3emlJYUJGNA  
 
[debug] [2020-02-20T19:15:22.890Z] <<< HTTP RESPONSE 200
[debug] [2020-02-20T19:15:24.892Z] >>> HTTP REQUEST GET https://cloudfunctions.googleapis.com/v1/operations/Y2Vsby1vcmctbW9iaWxlL3VzLWNlbnRyYWwxL3RyYW5zZmVyRWFybmVkQmFsYW5jZS9KejZ3emlJYUJGNA  
 
[debug] [2020-02-20T19:15:25.227Z] <<< HTTP RESPONSE 200
[debug] [2020-02-20T19:15:27.233Z] >>> HTTP REQUEST GET https://cloudfunctions.googleapis.com/v1/operations/Y2Vsby1vcmctbW9iaWxlL3VzLWNlbnRyYWwxL3RyYW5zZmVyRWFybmVkQmFsYW5jZS9KejZ3emlJYUJGNA  
 
[debug] [2020-02-20T19:15:27.356Z] <<< HTTP RESPONSE 200
[debug] [2020-02-20T19:15:29.357Z] >>> HTTP REQUEST GET https://cloudfunctions.googleapis.com/v1/operations/Y2Vsby1vcmctbW9iaWxlL3VzLWNlbnRyYWwxL3RyYW5zZmVyRWFybmVkQmFsYW5jZS9KejZ3emlJYUJGNA  
 
[debug] [2020-02-20T19:15:29.465Z] <<< HTTP RESPONSE 200
[debug] [2020-02-20T19:15:31.470Z] >>> HTTP REQUEST GET https://cloudfunctions.googleapis.com/v1/operations/Y2Vsby1vcmctbW9iaWxlL3VzLWNlbnRyYWwxL3RyYW5zZmVyRWFybmVkQmFsYW5jZS9KejZ3emlJYUJGNA  
 
[debug] [2020-02-20T19:15:31.583Z] <<< HTTP RESPONSE 200
[debug] [2020-02-20T19:15:33.585Z] >>> HTTP REQUEST GET https://cloudfunctions.googleapis.com/v1/operations/Y2Vsby1vcmctbW9iaWxlL3VzLWNlbnRyYWwxL3RyYW5zZmVyRWFybmVkQmFsYW5jZS9KejZ3emlJYUJGNA  
 
[debug] [2020-02-20T19:15:33.709Z] <<< HTTP RESPONSE 200
[debug] [2020-02-20T19:15:35.712Z] >>> HTTP REQUEST GET https://cloudfunctions.googleapis.com/v1/operations/Y2Vsby1vcmctbW9iaWxlL3VzLWNlbnRyYWwxL3RyYW5zZmVyRWFybmVkQmFsYW5jZS9KejZ3emlJYUJGNA  
 
[debug] [2020-02-20T19:15:35.830Z] <<< HTTP RESPONSE 200
[debug] [2020-02-20T19:15:37.833Z] >>> HTTP REQUEST GET https://cloudfunctions.googleapis.com/v1/operations/Y2Vsby1vcmctbW9iaWxlL3VzLWNlbnRyYWwxL3RyYW5zZmVyRWFybmVkQmFsYW5jZS9KejZ3emlJYUJGNA  
 
[debug] [2020-02-20T19:15:37.969Z] <<< HTTP RESPONSE 200
